c:\users\840\source\repos\perun05\perun05\release\vc142.pdb
c:\users\840\source\repos\perun05\perun05\release\main.obj
c:\users\840\source\repos\perun05\perun05\release\tcomplex.obj
c:\users\840\source\repos\perun05\perun05\release\acomplex.obj
\\lisa\users\840\source\repos\perun05\perun05\release\vc142.pdb
\\lisa\users\840\source\repos\perun05\perun05\release\tcomplex.obj
\\lisa\users\840\source\repos\perun05\perun05\release\acomplex.obj
\\lisa\users\840\source\repos\perun05\perun05\release\main.obj
c:\users\840\source\repos\perun05\release\perun05.exe
c:\users\840\source\repos\perun05\release\perun05.pdb
c:\users\840\source\repos\perun05\release\perun05.ipdb
c:\users\840\source\repos\perun05\release\perun05.iobj
\\lisa\users\840\source\repos\perun05\release\perun05.ipdb
\\lisa\users\840\source\repos\perun05\release\perun05.iobj
\\lisa\users\840\source\repos\perun05\perun05\release\perun05.ipdb
\\lisa\users\840\source\repos\perun05\perun05\release\perun05.iobj
\\lisa\users\840\source\repos\perun05\release\perun05.pdb
\\lisa\users\840\source\repos\perun05\perun05\release\perun05.tlog\cl.command.1.tlog
\\lisa\users\840\source\repos\perun05\perun05\release\perun05.tlog\cl.read.1.tlog
\\lisa\users\840\source\repos\perun05\perun05\release\perun05.tlog\cl.write.1.tlog
\\lisa\users\840\source\repos\perun05\perun05\release\perun05.tlog\link.command.1.tlog
\\lisa\users\840\source\repos\perun05\perun05\release\perun05.tlog\link.read.1.tlog
\\lisa\users\840\source\repos\perun05\perun05\release\perun05.tlog\link.write.1.tlog
\\lisa\users\840\source\repos\perun05\perun05\release\perun05.tlog\perun05.write.1u.tlog
