  HRectangle.cpp
C:\Users\840\source\repos\PerunExam\PerunExam\HTetragon.h(12,27): warning C4227: anachronism used: qualifiers on reference are ignored
C:\Users\840\source\repos\PerunExam\PerunExam\HTetragon.h(13,26): warning C4227: anachronism used: qualifiers on reference are ignored
C:\Users\840\source\repos\PerunExam\PerunExam\HTetragon.h(14,26): warning C4227: anachronism used: qualifiers on reference are ignored
C:\Users\840\source\repos\PerunExam\PerunExam\HTetragon.h(15,26): warning C4227: anachronism used: qualifiers on reference are ignored
C:\Users\840\source\repos\PerunExam\PerunExam\HTetragon.h(17,29): warning C4227: anachronism used: qualifiers on reference are ignored
C:\Users\840\source\repos\PerunExam\PerunExam\HTetragon.h(18,29): warning C4227: anachronism used: qualifiers on reference are ignored
C:\Users\840\source\repos\PerunExam\PerunExam\HTetragon.h(19,29): warning C4227: anachronism used: qualifiers on reference are ignored
C:\Users\840\source\repos\PerunExam\PerunExam\HTetragon.h(20,29): warning C4227: anachronism used: qualifiers on reference are ignored
C:\Users\840\source\repos\PerunExam\PerunExam\HRectangle.h(9,27): warning C4227: anachronism used: qualifiers on reference are ignored
C:\Users\840\source\repos\PerunExam\PerunExam\HRectangle.h(10,26): warning C4227: anachronism used: qualifiers on reference are ignored
C:\Users\840\source\repos\PerunExam\PerunExam\HRectangle.h(11,26): warning C4227: anachronism used: qualifiers on reference are ignored
C:\Users\840\source\repos\PerunExam\PerunExam\HRectangle.h(12,26): warning C4227: anachronism used: qualifiers on reference are ignored
C:\Users\840\source\repos\PerunExam\PerunExam\HRectangle.h(14,26): warning C4227: anachronism used: qualifiers on reference are ignored
C:\Users\840\source\repos\PerunExam\PerunExam\HRectangle.h(15,26): warning C4227: anachronism used: qualifiers on reference are ignored
  HSquare.cpp
C:\Users\840\source\repos\PerunExam\PerunExam\HTetragon.h(12,27): warning C4227: anachronism used: qualifiers on reference are ignored
C:\Users\840\source\repos\PerunExam\PerunExam\HTetragon.h(13,26): warning C4227: anachronism used: qualifiers on reference are ignored
C:\Users\840\source\repos\PerunExam\PerunExam\HTetragon.h(14,26): warning C4227: anachronism used: qualifiers on reference are ignored
C:\Users\840\source\repos\PerunExam\PerunExam\HTetragon.h(15,26): warning C4227: anachronism used: qualifiers on reference are ignored
C:\Users\840\source\repos\PerunExam\PerunExam\HTetragon.h(17,29): warning C4227: anachronism used: qualifiers on reference are ignored
C:\Users\840\source\repos\PerunExam\PerunExam\HTetragon.h(18,29): warning C4227: anachronism used: qualifiers on reference are ignored
C:\Users\840\source\repos\PerunExam\PerunExam\HTetragon.h(19,29): warning C4227: anachronism used: qualifiers on reference are ignored
C:\Users\840\source\repos\PerunExam\PerunExam\HTetragon.h(20,29): warning C4227: anachronism used: qualifiers on reference are ignored
C:\Users\840\source\repos\PerunExam\PerunExam\HRectangle.h(9,27): warning C4227: anachronism used: qualifiers on reference are ignored
C:\Users\840\source\repos\PerunExam\PerunExam\HRectangle.h(10,26): warning C4227: anachronism used: qualifiers on reference are ignored
C:\Users\840\source\repos\PerunExam\PerunExam\HRectangle.h(11,26): warning C4227: anachronism used: qualifiers on reference are ignored
C:\Users\840\source\repos\PerunExam\PerunExam\HRectangle.h(12,26): warning C4227: anachronism used: qualifiers on reference are ignored
C:\Users\840\source\repos\PerunExam\PerunExam\HRectangle.h(14,26): warning C4227: anachronism used: qualifiers on reference are ignored
C:\Users\840\source\repos\PerunExam\PerunExam\HRectangle.h(15,26): warning C4227: anachronism used: qualifiers on reference are ignored
C:\Users\840\source\repos\PerunExam\PerunExam\HSquare.h(9,27): warning C4227: anachronism used: qualifiers on reference are ignored
C:\Users\840\source\repos\PerunExam\PerunExam\HSquare.h(10,26): warning C4227: anachronism used: qualifiers on reference are ignored
C:\Users\840\source\repos\PerunExam\PerunExam\HSquare.h(11,26): warning C4227: anachronism used: qualifiers on reference are ignored
C:\Users\840\source\repos\PerunExam\PerunExam\HSquare.h(12,26): warning C4227: anachronism used: qualifiers on reference are ignored
C:\Users\840\source\repos\PerunExam\PerunExam\HSquare.h(14,26): warning C4227: anachronism used: qualifiers on reference are ignored
  HTetragon.cpp
C:\Users\840\source\repos\PerunExam\PerunExam\HTetragon.h(12,27): warning C4227: anachronism used: qualifiers on reference are ignored
C:\Users\840\source\repos\PerunExam\PerunExam\HTetragon.h(13,26): warning C4227: anachronism used: qualifiers on reference are ignored
C:\Users\840\source\repos\PerunExam\PerunExam\HTetragon.h(14,26): warning C4227: anachronism used: qualifiers on reference are ignored
C:\Users\840\source\repos\PerunExam\PerunExam\HTetragon.h(15,26): warning C4227: anachronism used: qualifiers on reference are ignored
C:\Users\840\source\repos\PerunExam\PerunExam\HTetragon.h(17,29): warning C4227: anachronism used: qualifiers on reference are ignored
C:\Users\840\source\repos\PerunExam\PerunExam\HTetragon.h(18,29): warning C4227: anachronism used: qualifiers on reference are ignored
C:\Users\840\source\repos\PerunExam\PerunExam\HTetragon.h(19,29): warning C4227: anachronism used: qualifiers on reference are ignored
C:\Users\840\source\repos\PerunExam\PerunExam\HTetragon.h(20,29): warning C4227: anachronism used: qualifiers on reference are ignored
  main.cpp
C:\Users\840\source\repos\PerunExam\PerunExam\HTetragon.h(12,27): warning C4227: anachronism used: qualifiers on reference are ignored
C:\Users\840\source\repos\PerunExam\PerunExam\HTetragon.h(13,26): warning C4227: anachronism used: qualifiers on reference are ignored
C:\Users\840\source\repos\PerunExam\PerunExam\HTetragon.h(14,26): warning C4227: anachronism used: qualifiers on reference are ignored
C:\Users\840\source\repos\PerunExam\PerunExam\HTetragon.h(15,26): warning C4227: anachronism used: qualifiers on reference are ignored
C:\Users\840\source\repos\PerunExam\PerunExam\HTetragon.h(17,29): warning C4227: anachronism used: qualifiers on reference are ignored
C:\Users\840\source\repos\PerunExam\PerunExam\HTetragon.h(18,29): warning C4227: anachronism used: qualifiers on reference are ignored
C:\Users\840\source\repos\PerunExam\PerunExam\HTetragon.h(19,29): warning C4227: anachronism used: qualifiers on reference are ignored
C:\Users\840\source\repos\PerunExam\PerunExam\HTetragon.h(20,29): warning C4227: anachronism used: qualifiers on reference are ignored
C:\Users\840\source\repos\PerunExam\PerunExam\HRectangle.h(9,27): warning C4227: anachronism used: qualifiers on reference are ignored
C:\Users\840\source\repos\PerunExam\PerunExam\HRectangle.h(10,26): warning C4227: anachronism used: qualifiers on reference are ignored
C:\Users\840\source\repos\PerunExam\PerunExam\HRectangle.h(11,26): warning C4227: anachronism used: qualifiers on reference are ignored
C:\Users\840\source\repos\PerunExam\PerunExam\HRectangle.h(12,26): warning C4227: anachronism used: qualifiers on reference are ignored
C:\Users\840\source\repos\PerunExam\PerunExam\HRectangle.h(14,26): warning C4227: anachronism used: qualifiers on reference are ignored
C:\Users\840\source\repos\PerunExam\PerunExam\HRectangle.h(15,26): warning C4227: anachronism used: qualifiers on reference are ignored
C:\Users\840\source\repos\PerunExam\PerunExam\HSquare.h(9,27): warning C4227: anachronism used: qualifiers on reference are ignored
C:\Users\840\source\repos\PerunExam\PerunExam\HSquare.h(10,26): warning C4227: anachronism used: qualifiers on reference are ignored
C:\Users\840\source\repos\PerunExam\PerunExam\HSquare.h(11,26): warning C4227: anachronism used: qualifiers on reference are ignored
C:\Users\840\source\repos\PerunExam\PerunExam\HSquare.h(12,26): warning C4227: anachronism used: qualifiers on reference are ignored
C:\Users\840\source\repos\PerunExam\PerunExam\HSquare.h(14,26): warning C4227: anachronism used: qualifiers on reference are ignored
  Generating Code...
C:\Users\840\source\repos\PerunExam\PerunExam\HTetragon.cpp(31): error C4716: 'HTetragon::operator<': must return a value
