  main.cpp
C:\Users\840\source\repos\PerunExam\PerunExam\HRectangle.h(9,27): warning C4227: anachronism used: qualifiers on reference are ignored
C:\Users\840\source\repos\PerunExam\PerunExam\HRectangle.h(10,26): warning C4227: anachronism used: qualifiers on reference are ignored
C:\Users\840\source\repos\PerunExam\PerunExam\HRectangle.h(11,26): warning C4227: anachronism used: qualifiers on reference are ignored
C:\Users\840\source\repos\PerunExam\PerunExam\HRectangle.h(12,26): warning C4227: anachronism used: qualifiers on reference are ignored
C:\Users\840\source\repos\PerunExam\PerunExam\HRectangle.h(14,26): warning C4227: anachronism used: qualifiers on reference are ignored
C:\Users\840\source\repos\PerunExam\PerunExam\HRectangle.h(15,26): warning C4227: anachronism used: qualifiers on reference are ignored
C:\Users\840\source\repos\PerunExam\PerunExam\HSquare.h(15,26): warning C4227: anachronism used: qualifiers on reference are ignored
C:\Users\840\source\repos\PerunExam\PerunExam\Container.h(36,21): warning C4018: '<': signed/unsigned mismatch
C:\Users\840\source\repos\PerunExam\PerunExam\Container.h(35): message : while compiling class template member function 'void Container<HTetragon>::unite(HTetragon &)'
C:\Users\840\source\repos\PerunExam\PerunExam\main.cpp(105): message : see reference to function template instantiation 'void Container<HTetragon>::unite(HTetragon &)' being compiled
C:\Users\840\source\repos\PerunExam\PerunExam\main.cpp(93): message : see reference to class template instantiation 'Container<HTetragon>' being compiled
C:\Users\840\source\repos\PerunExam\PerunExam\Container.h(28,21): warning C4018: '<': signed/unsigned mismatch
C:\Users\840\source\repos\PerunExam\PerunExam\Container.h(26): message : while compiling class template member function 'void Container<HTetragon>::lesser(HTetragon &,Container<HTetragon> &)'
C:\Users\840\source\repos\PerunExam\PerunExam\main.cpp(100): message : see reference to function template instantiation 'void Container<HTetragon>::lesser(HTetragon &,Container<HTetragon> &)' being compiled
  Generating code
  0 of 186 functions ( 0.0%) were compiled, the rest were copied from previous compilation.
    0 functions were new in current compilation
    0 functions had inline decision re-evaluated but remain unchanged
  Finished generating code
  PerunExam.vcxproj -> C:\Users\840\source\repos\PerunExam\Release\PerunExam.exe
